<?xml version="1.0" encoding="UTF-8"?>
<testng-results skipped="0" failed="0" ignored="0" total="9" passed="9">
  <reporter-output>
  </reporter-output>
  <suite name="search-module" duration-ms="34925" started-at="2021-05-03T22:28:54 GMT" finished-at="2021-05-03T22:29:29 GMT">
    <groups>
    </groups>
    <test name="search-test-java" duration-ms="34925" started-at="2021-05-03T22:28:54 GMT" finished-at="2021-05-03T22:29:29 GMT">
      <class name="tests.SearchCloth">
        <test-method status="PASS" signature="setupDriver()[pri:0, instance:tests.SearchCloth@464bee09]" name="setupDriver" is-config="true" duration-ms="4675" started-at="2021-05-03T22:28:54 GMT" finished-at="2021-05-03T22:28:59 GMT">
          <reporter-output>
          </reporter-output>
        </test-method> <!-- setupDriver -->
        <test-method status="PASS" signature="searchCloth(java.lang.String)[pri:0, instance:tests.SearchCloth@464bee09]" name="searchCloth" duration-ms="8917" started-at="2021-05-03T22:28:59 GMT" data-provider="prendas" finished-at="2021-05-03T22:29:08 GMT">
          <params>
            <param index="0">
              <value>
                <![CDATA[shirt]]>
              </value>
            </param>
          </params>
          <reporter-output>
          </reporter-output>
        </test-method> <!-- searchCloth -->
        <test-method status="PASS" signature="searchCloth(java.lang.String)[pri:0, instance:tests.SearchCloth@464bee09]" name="searchCloth" duration-ms="2073" started-at="2021-05-03T22:29:08 GMT" data-provider="prendas" finished-at="2021-05-03T22:29:10 GMT">
          <params>
            <param index="0">
              <value>
                <![CDATA[pants]]>
              </value>
            </param>
          </params>
          <reporter-output>
          </reporter-output>
        </test-method> <!-- searchCloth -->
        <test-method status="PASS" signature="searchCloth(java.lang.String)[pri:0, instance:tests.SearchCloth@464bee09]" name="searchCloth" duration-ms="2670" started-at="2021-05-03T22:29:10 GMT" data-provider="prendas" finished-at="2021-05-03T22:29:12 GMT">
          <params>
            <param index="0">
              <value>
                <![CDATA[shoes]]>
              </value>
            </param>
          </params>
          <reporter-output>
          </reporter-output>
        </test-method> <!-- searchCloth -->
        <test-method status="PASS" signature="searchCloth(java.lang.String)[pri:0, instance:tests.SearchCloth@464bee09]" name="searchCloth" duration-ms="1851" started-at="2021-05-03T22:29:12 GMT" data-provider="prendas" finished-at="2021-05-03T22:29:14 GMT">
          <params>
            <param index="0">
              <value>
                <![CDATA[shirt]]>
              </value>
            </param>
          </params>
          <reporter-output>
          </reporter-output>
        </test-method> <!-- searchCloth -->
        <test-method status="PASS" signature="searchCloth(java.lang.String)[pri:0, instance:tests.SearchCloth@464bee09]" name="searchCloth" duration-ms="2167" started-at="2021-05-03T22:29:14 GMT" data-provider="prendas" finished-at="2021-05-03T22:29:17 GMT">
          <params>
            <param index="0">
              <value>
                <![CDATA[pants]]>
              </value>
            </param>
          </params>
          <reporter-output>
          </reporter-output>
        </test-method> <!-- searchCloth -->
        <test-method status="PASS" signature="searchCloth(java.lang.String)[pri:0, instance:tests.SearchCloth@464bee09]" name="searchCloth" duration-ms="2738" started-at="2021-05-03T22:29:17 GMT" data-provider="prendas" finished-at="2021-05-03T22:29:19 GMT">
          <params>
            <param index="0">
              <value>
                <![CDATA[shoes]]>
              </value>
            </param>
          </params>
          <reporter-output>
          </reporter-output>
        </test-method> <!-- searchCloth -->
        <test-method status="PASS" signature="searchCloth(java.lang.String)[pri:0, instance:tests.SearchCloth@464bee09]" name="searchCloth" duration-ms="3054" started-at="2021-05-03T22:29:19 GMT" data-provider="prendas" finished-at="2021-05-03T22:29:22 GMT">
          <params>
            <param index="0">
              <value>
                <![CDATA[shirt]]>
              </value>
            </param>
          </params>
          <reporter-output>
          </reporter-output>
        </test-method> <!-- searchCloth -->
        <test-method status="PASS" signature="searchCloth(java.lang.String)[pri:0, instance:tests.SearchCloth@464bee09]" name="searchCloth" duration-ms="4053" started-at="2021-05-03T22:29:22 GMT" data-provider="prendas" finished-at="2021-05-03T22:29:26 GMT">
          <params>
            <param index="0">
              <value>
                <![CDATA[pants]]>
              </value>
            </param>
          </params>
          <reporter-output>
          </reporter-output>
        </test-method> <!-- searchCloth -->
        <test-method status="PASS" signature="searchCloth(java.lang.String)[pri:0, instance:tests.SearchCloth@464bee09]" name="searchCloth" duration-ms="2105" started-at="2021-05-03T22:29:26 GMT" data-provider="prendas" finished-at="2021-05-03T22:29:28 GMT">
          <params>
            <param index="0">
              <value>
                <![CDATA[shoes]]>
              </value>
            </param>
          </params>
          <reporter-output>
          </reporter-output>
        </test-method> <!-- searchCloth -->
        <test-method status="PASS" signature="tearDown()[pri:0, instance:tests.SearchCloth@464bee09]" name="tearDown" is-config="true" duration-ms="553" started-at="2021-05-03T22:29:28 GMT" finished-at="2021-05-03T22:29:29 GMT">
          <reporter-output>
          </reporter-output>
        </test-method> <!-- tearDown -->
      </class> <!-- tests.SearchCloth -->
    </test> <!-- search-test-java -->
  </suite> <!-- search-module -->
</testng-results>
